<testsuite name="candlestick.Crypto.com Exchange REST API - Candlestick Data" tests="6" errors="0" failures="0" skipped="6" time="0.0" timestamp="2025-06-28T15:47:23.514394" hostname="NB65611"><testcase classname="candlestick.Crypto.com Exchange REST API - Candlestick Data" name="Retrieve candlestick data with valid parameters -- @1.1 " status="skipped" time="0"><skipped /><system-out>
<![CDATA[
@scenario.begin

  @smoke @positive
  Scenario Outline: Retrieve candlestick data with valid parameters -- @1.1 
    Given the REST API client is initialized ... skipped in 0.000s
    When I request candlestick data for "BTCUSD-PERP" with timeframe "1m" and count 10 ... skipped in 0.000s
    Then the response status should be 200 ... skipped in 0.000s
    And the response should contain valid candlestick data ... skipped in 0.000s
    And the instrument name should be "BTCUSD-PERP" ... skipped in 0.000s
    And the timeframe should be "1m" ... skipped in 0.000s
    And the number of candlesticks should be 10 or less ... skipped in 0.000s
    And each candlestick should have valid OHLC relationships ... skipped in 0.000s
    And candlesticks should be in chronological order ... skipped in 0.000s
    And all volumes should be non-negative ... skipped in 0.000s
    And the response should be received within 5 seconds ... skipped in 0.000s

@scenario.end
--------------------------------------------------------------------------------
]]>
</system-out></testcase><testcase classname="candlestick.Crypto.com Exchange REST API - Candlestick Data" name="Retrieve candlestick data with valid parameters -- @1.2 " status="skipped" time="0"><skipped /><system-out>
<![CDATA[
@scenario.begin

  @smoke @positive
  Scenario Outline: Retrieve candlestick data with valid parameters -- @1.2 
    Given the REST API client is initialized ... skipped in 0.000s
    When I request candlestick data for "BTCUSD-PERP" with timeframe "5m" and count 20 ... skipped in 0.000s
    Then the response status should be 200 ... skipped in 0.000s
    And the response should contain valid candlestick data ... skipped in 0.000s
    And the instrument name should be "BTCUSD-PERP" ... skipped in 0.000s
    And the timeframe should be "5m" ... skipped in 0.000s
    And the number of candlesticks should be 20 or less ... skipped in 0.000s
    And each candlestick should have valid OHLC relationships ... skipped in 0.000s
    And candlesticks should be in chronological order ... skipped in 0.000s
    And all volumes should be non-negative ... skipped in 0.000s
    And the response should be received within 5 seconds ... skipped in 0.000s

@scenario.end
--------------------------------------------------------------------------------
]]>
</system-out></testcase><testcase classname="candlestick.Crypto.com Exchange REST API - Candlestick Data" name="Retrieve candlestick data with time range" status="skipped" time="0"><skipped /><system-out>
<![CDATA[
@scenario.begin

  @positive
  Scenario: Retrieve candlestick data with time range
    Given the REST API client is initialized ... skipped in 0.000s
    When I request candlestick data for "BTCUSD-PERP" with timeframe "1h" from 24 hour ago to now ... skipped in 0.000s
    Then the response status should be 200 ... skipped in 0.000s
    And the response should contain valid candlestick data ... skipped in 0.000s

@scenario.end
--------------------------------------------------------------------------------
]]>
</system-out></testcase><testcase classname="candlestick.Crypto.com Exchange REST API - Candlestick Data" name="Handle invalid parameters gracefully -- @1.1 " status="skipped" time="0"><skipped /><system-out>
<![CDATA[
@scenario.begin

  @negative
  Scenario Outline: Handle invalid parameters gracefully -- @1.1 
    Given the REST API client is initialized ... skipped in 0.000s
    When I request candlestick data with invalid parameters "invalid_instrument" ... skipped in 0.000s
    Then the response status should be 400 or 422 ... skipped in 0.000s
    And the response should contain an error message ... skipped in 0.000s

@scenario.end
--------------------------------------------------------------------------------
]]>
</system-out></testcase><testcase classname="candlestick.Crypto.com Exchange REST API - Candlestick Data" name="Handle invalid parameters gracefully -- @1.2 " status="skipped" time="0"><skipped /><system-out>
<![CDATA[
@scenario.begin

  @negative
  Scenario Outline: Handle invalid parameters gracefully -- @1.2 
    Given the REST API client is initialized ... skipped in 0.000s
    When I request candlestick data with invalid parameters "invalid_timeframe" ... skipped in 0.000s
    Then the response status should be 400 or 422 ... skipped in 0.000s
    And the response should contain an error message ... skipped in 0.000s

@scenario.end
--------------------------------------------------------------------------------
]]>
</system-out></testcase><testcase classname="candlestick.Crypto.com Exchange REST API - Candlestick Data" name="Performance test for candlestick endpoint" status="skipped" time="0"><skipped /><system-out>
<![CDATA[
@scenario.begin

  @performance
  Scenario: Performance test for candlestick endpoint
    Given the REST API client is initialized ... skipped in 0.000s
    When I request candlestick data for "BTCUSD-PERP" with timeframe "1m" and count 100 ... skipped in 0.000s
    Then the response should be received within 3 seconds ... skipped in 0.000s
    And the response status should be 200 ... skipped in 0.000s

@scenario.end
--------------------------------------------------------------------------------
]]>
</system-out></testcase></testsuite>