<testsuite name="book_data.Crypto.com Exchange WebSocket API - Order Book Data" tests="2" errors="0" failures="0" skipped="2" time="0.0" timestamp="2025-06-28T15:47:23.504662" hostname="NB65611"><testcase classname="book_data.Crypto.com Exchange WebSocket API - Order Book Data" name="Handle connection lifecycle" status="skipped" time="0"><skipped /><system-out>
<![CDATA[
@scenario.begin

  @connection
  Scenario: Handle connection lifecycle
    Given the WebSocket client is initialized ... skipped in 0.000s
    When I connect to the WebSocket server ... skipped in 0.000s
    Then the connection should be established successfully ... skipped in 0.000s
    When I disconnect from the WebSocket server ... skipped in 0.000s
    Then the connection should be closed gracefully ... skipped in 0.000s

@scenario.end
--------------------------------------------------------------------------------
]]>
</system-out></testcase><testcase classname="book_data.Crypto.com Exchange WebSocket API - Order Book Data" name="Verify real-time data updates" status="skipped" time="0"><skipped /><system-out>
<![CDATA[
@scenario.begin

  @performance
  Scenario: Verify real-time data updates
    Given the WebSocket client is initialized ... skipped in 0.000s
    When I connect to the WebSocket server ... skipped in 0.000s
    And I subscribe to order book for "BTCUSD-PERP" with depth 10 ... skipped in 0.000s
    Then I should receive order book updates within 5 seconds ... skipped in 0.000s
    And updates should be received continuously ... skipped in 0.000s

@scenario.end
--------------------------------------------------------------------------------
]]>
</system-out></testcase></testsuite>